{"C:\\Users\\Dan\\Documents\\Code\\CSN Engine\\CSN-Engine\\client\\src\\App.css": {"path":"C:\\Users\\Dan\\Documents\\Code\\CSN Engine\\CSN-Engine\\client\\src\\App.css","statementMap":{},"fnMap":{},"branchMap":{},"s":{},"f":{},"b":{},"meta":{"lastBranch":0,"lastFunction":0,"lastStatement":0,"seen":{}}}
,"C:\\Users\\Dan\\Documents\\Code\\CSN Engine\\CSN-Engine\\client\\src\\App.tsx": {"path":"C:\\Users\\Dan\\Documents\\Code\\CSN Engine\\CSN-Engine\\client\\src\\App.tsx","statementMap":{"0":{"start":{"line":7,"column":16},"end":{"line":7,"column":39}},"1":{"start":{"line":9,"column":2},"end":{"line":31,"column":null}},"2":{"start":{"line":21,"column":31},"end":{"line":21,"column":61}},"3":{"start":{"line":21,"column":51},"end":{"line":21,"column":61}}},"fnMap":{"0":{"name":"(anonymous_0)","decl":{"start":{"line":21,"column":16},"end":{"line":21,"column":31}},"loc":{"start":{"line":21,"column":31},"end":{"line":21,"column":61}},"line":21},"1":{"name":"(anonymous_1)","decl":{"start":{"line":21,"column":31},"end":{"line":21,"column":41}},"loc":{"start":{"line":21,"column":51},"end":{"line":21,"column":61}},"line":21}},"branchMap":{},"s":{"0":1,"1":1,"2":0,"3":0},"f":{"0":0,"1":0},"b":{},"meta":{"lastBranch":0,"lastFunction":2,"lastStatement":4,"seen":{"s:7:16:7:39":0,"s:9:2:31:Infinity":1,"f:21:16:21:31":0,"s:21:31:21:61":2,"f:21:31:21:41":1,"s:21:51:21:61":3}}}
,"C:\\Users\\Dan\\Documents\\Code\\CSN Engine\\CSN-Engine\\client\\src\\assets\\react.svg": {"path":"C:\\Users\\Dan\\Documents\\Code\\CSN Engine\\CSN-Engine\\client\\src\\assets\\react.svg","statementMap":{},"fnMap":{},"branchMap":{},"s":{},"f":{},"b":{},"meta":{"lastBranch":0,"lastFunction":0,"lastStatement":0,"seen":{}}}
}
